c:\projekty\assemblyblurlib\x64\debug\assemblyblurlib.pch
c:\projekty\assemblyblurlib\x64\debug\vc143.pdb
c:\projekty\assemblyblurlib\x64\debug\vc143.idb
c:\projekty\assemblyblurlib\x64\debug\pch.obj
c:\projekty\assemblyblurlib\x64\debug\dllmain.obj
c:\projekty\assemblyblurlib\x64\debug\assemblyblurlib.obj
c:\projekty\assemblyblurlib\x64\debug\assemblyblurlib.ilk
c:\projekty\photoeditor-blur-asmx64-cpp\x64\debug\assemblyblurlib.dll
c:\projekty\photoeditor-blur-asmx64-cpp\x64\debug\assemblyblurlib.pdb
c:\projekty\photoeditor-blur-asmx64-cpp\x64\debug\assemblyblurlib.lib
c:\projekty\photoeditor-blur-asmx64-cpp\x64\debug\assemblyblurlib.exp
c:\projekty\assemblyblurlib\x64\debug\asm_lib.obj
c:\projekty\assemblyblurlib\x64\debug\assemblyblurlib.tlog\cl.command.1.tlog
c:\projekty\assemblyblurlib\x64\debug\assemblyblurlib.tlog\cl.items.tlog
c:\projekty\assemblyblurlib\x64\debug\assemblyblurlib.tlog\cl.read.1.tlog
c:\projekty\assemblyblurlib\x64\debug\assemblyblurlib.tlog\cl.write.1.tlog
c:\projekty\assemblyblurlib\x64\debug\assemblyblurlib.tlog\link.command.1.tlog
c:\projekty\assemblyblurlib\x64\debug\assemblyblurlib.tlog\link.read.1.tlog
c:\projekty\assemblyblurlib\x64\debug\assemblyblurlib.tlog\link.write.1.tlog
c:\projekty\assemblyblurlib\x64\debug\assemblyblurlib.tlog\link.write.2u.tlog
c:\projekty\assemblyblurlib\x64\debug\assemblyblurlib.tlog\masm.read.1u.tlog
c:\projekty\assemblyblurlib\x64\debug\assemblyblurlib.tlog\masm.write.1u.tlog
